<?xml version="1.0" encoding="UTF-8" ?>
<testsuites errors="0"
            failures="1"
            tests="1">

  <testsuite name="test"
    errors="0" failures="1" hostname="" id="" package="test" skipped="0"
    tests="1" time="2.508" timestamp="">
  
    <testcase name="Demo test Baidu Search" classname="test" time="2.508" assertions="2">

      <failure message="Timed out while waiting for element &lt;button[name=submit]&gt; to be present for 1000 milliseconds. - expected [0;32m&#34;visible&#34;[0m but got: [0;31m&#34;not found&#34;[0m">    at Object.Demo test Baidu Search (D:\autoTest\spacs\test.js:7:2)
    at process._tickCallback (internal/process/next_tick.js:68:7)</failure>

    <failure message="    at Object.Demo test Baidu Search (D:\autoTest\spacs\test.js:7:2)">    at process._tickCallback (internal/process/next_tick.js:68:7)</failure>
    </testcase>
  

  

  
  </testsuite>
</testsuites>
